<?xml version="1.0" encoding="UTF-8"?>
<testng-results skipped="0" failed="0" total="1" passed="1">
  <reporter-output>
  </reporter-output>
  <suite name="Default suite" duration-ms="44" started-at="2016-05-08T13:40:08Z" finished-at="2016-05-08T13:40:08Z">
    <groups>
    </groups>
    <test name="Default test" duration-ms="44" started-at="2016-05-08T13:40:08Z" finished-at="2016-05-08T13:40:08Z">
      <class name="com.tests.dealingwithTextfiles.DealwithTextFiles">
        <test-method status="PASS" signature="readfromfile()[pri:0, instance:com.tests.dealingwithTextfiles.DealwithTextFiles@1604f19]" name="readfromfile" duration-ms="24" started-at="2016-05-08T06:40:08Z" finished-at="2016-05-08T06:40:08Z">
          <reporter-output>
          </reporter-output>
        </test-method> <!-- readfromfile -->
      </class> <!-- com.tests.dealingwithTextfiles.DealwithTextFiles -->
    </test> <!-- Default test -->
  </suite> <!-- Default suite -->
</testng-results>
